#
# There is insufficient memory for the Java Runtime Environment to continue.
# Native memory allocation (mmap) failed to map 62914560 bytes for G1 virtual space
# Possible reasons:
#   The system is out of physical RAM or swap space
#   The process is running with CompressedOops enabled, and the Java Heap may be blocking the growth of the native heap
# Possible solutions:
#   Reduce memory load on the system
#   Increase physical memory or swap space
#   Check if swap backing store is full
#   Decrease Java heap size (-Xmx/-Xms)
#   Decrease number of Java threads
#   Decrease Java thread stack sizes (-Xss)
#   Set larger code cache with -XX:ReservedCodeCacheSize=
#   JVM is running with Unscaled Compressed Oops mode in which the Java heap is
#     placed in the first 4GB address space. The Java Heap base address is the
#     maximum limit for the native heap growth. Please use -XX:HeapBaseMinAddress
#     to set the Java Heap base and to place the Java Heap above 4GB virtual address.
# This output file may be truncated or incomplete.
#
#  Out of Memory Error (os_windows.cpp:3527), pid=5148, tid=64
#
# JRE version:  (19.0.1+10) (build )
# Java VM: Java HotSpot(TM) 64-Bit Server VM (19.0.1+10-21, mixed mode, sharing, tiered, compressed oops, compressed class ptrs, g1 gc, windows-amd64)
# No core dump will be written. Minidumps are not enabled by default on client versions of Windows
#

---------------  S U M M A R Y ------------

Command Line: com.mycompany.mycontactlistapp.MyContactListApp

Host: Intel(R) Celeron(R) CPU N3350 @ 1.10GHz, 2 cores, 3G,  Windows 10 , 64 bit Build 19041 (10.0.19041.1202)
Time: Wed Jan 18 03:15:54 2023 Bangladesh Standard Time elapsed time: 0.025864 seconds (0d 0h 0m 0s)

---------------  T H R E A D  ---------------

Current thread (0x0000011409eb7790):  JavaThread "Unknown thread" [_thread_in_vm, id=64, stack(0x000000136e400000,0x000000136e500000)]

Stack: [0x000000136e400000,0x000000136e500000]
Native frames: (J=compiled Java code, j=interpreted, Vv=VM code, C=native code)
V  [jvm.dll+0x6ee8fa]
V  [jvm.dll+0x857a1e]
V  [jvm.dll+0x85940e]
V  [jvm.dll+0x859ac3]
V  [jvm.dll+0x28291f]
V  [jvm.dll+0x6eb6e9]
V  [jvm.dll+0x6e028a]
V  [jvm.dll+0x357136]
V  [jvm.dll+0x35eb96]
V  [jvm.dll+0x3b555e]
V  [jvm.dll+0x3b578f]
V  [jvm.dll+0x32c6ea]
V  [jvm.dll+0x32d59e]
V  [jvm.dll+0x821b20]
V  [jvm.dll+0x3c27c1]
V  [jvm.dll+0x8022f1]
V  [jvm.dll+0x44b30f]
V  [jvm.dll+0x44cc91]
C  [jli.dll+0x5287]
C  [ucrtbase.dll+0x21bb2]
C  [KERNEL32.DLL+0x17034]
C  [ntdll.dll+0x52651]


---------------  P R O C E S S  ---------------

Threads class SMR info:
_java_thread_list=0x00007ff881c7d048, length=0, elements={
}

Java Threads: ( => current thread )

Other Threads:
  0x0000011409ef7ac0 WorkerThread "GC Thread#0" [stack: 0x000000136e500000,0x000000136e600000] [id=4252]
  0x0000011409f00040 ConcurrentGCThread "G1 Main Marker" [stack: 0x000000136e600000,0x000000136e700000] [id=3836]
  0x0000011409f01210 WorkerThread "G1 Conc#0" [stack: 0x000000136e700000,0x000000136e800000] [id=4140]

[error occurred during error reporting (printing all threads), id 0xc0000005, EXCEPTION_ACCESS_VIOLATION (0xc0000005) at pc=0x00007ff88143d127]

VM state: not at safepoint (not fully initialized)

VM Mutex/Monitor currently owned by a thread:  ([mutex/lock_event])
[0x0000011409eb43f0] Heap_lock - owner thread: 0x0000011409eb7790

Heap address: 0x00000000c5c00000, size: 932 MB, Compressed Oops mode: 32-bit

CDS archive(s) mapped at: [0x0000000000000000-0x0000000000000000-0x0000000000000000), size 0, SharedBaseAddress: 0x0000000800000000, ArchiveRelocationMode: 0.
Narrow klass base: 0x0000000000000000, Narrow klass shift: 0, Narrow klass range: 0x0

GC Precious Log:
 CardTable entry size: 512
 Card Set container configuration: InlinePtr #cards 5 size 8 Array Of Cards #cards 12 size 40 Howl #buckets 4 coarsen threshold 1843 Howl Bitmap #cards 512 size 80 coarsen threshold 460 Card regions per heap region 1 cards per card region 2048

Heap:
 garbage-first heap   total 0K, used 0K [0x00000000c5c00000, 0x0000000100000000)
  region size 1024K, 0 young (0K), 0 survivors (0K)

[error occurred during error reporting (printing heap information), id 0xc0000005, EXCEPTION_ACCESS_VIOLATION (0xc0000005) at pc=0x00007ff881846959]

GC Heap History (0 events):
No events

Dll operation events (1 events):
Event: 0.015 Loaded shared library E:\Java Practice for Job\Java19\bin\java.dll

Deoptimization events (0 events):
No events

Classes loaded (0 events):
No events

Classes unloaded (0 events):
No events

Classes redefined (0 events):
No events

Internal exceptions (0 events):
No events

VM Operations (0 events):
No events

Events (0 events):
No events


Dynamic libraries:
0x00007ff6adc20000 - 0x00007ff6adc30000 	E:\Java Practice for Job\Java19\bin\java.exe
0x00007ff8dbdb0000 - 0x00007ff8dbfa5000 	C:\Windows\SYSTEM32\ntdll.dll
0x00007ff8dafd0000 - 0x00007ff8db08e000 	C:\Windows\System32\KERNEL32.DLL
0x00007ff8d94d0000 - 0x00007ff8d9799000 	C:\Windows\System32\KERNELBASE.dll
0x00007ff8d9bc0000 - 0x00007ff8d9cc0000 	C:\Windows\System32\ucrtbase.dll
0x00007ff8c40a0000 - 0x00007ff8c40bb000 	E:\Java Practice for Job\Java19\bin\VCRUNTIME140.dll
0x00007ff8cb760000 - 0x00007ff8cb778000 	E:\Java Practice for Job\Java19\bin\jli.dll
0x00007ff8db930000 - 0x00007ff8db9dc000 	C:\Windows\System32\ADVAPI32.dll
0x00007ff8da3c0000 - 0x00007ff8da45e000 	C:\Windows\System32\msvcrt.dll
0x00007ff8da690000 - 0x00007ff8da72b000 	C:\Windows\System32\sechost.dll
0x00007ff8d9e00000 - 0x00007ff8d9f2a000 	C:\Windows\System32\RPCRT4.dll
0x00007ff8da730000 - 0x00007ff8da8d1000 	C:\Windows\System32\USER32.dll
0x00007ff8d9b90000 - 0x00007ff8d9bb2000 	C:\Windows\System32\win32u.dll
0x00007ff8dbb90000 - 0x00007ff8dbbbb000 	C:\Windows\System32\GDI32.dll
0x00007ff8d9960000 - 0x00007ff8d9a6b000 	C:\Windows\System32\gdi32full.dll
0x00007ff8d9af0000 - 0x00007ff8d9b8d000 	C:\Windows\System32\msvcp_win.dll
0x00007ff8d2ec0000 - 0x00007ff8d315a000 	C:\Windows\WinSxS\amd64_microsoft.windows.common-controls_6595b64144ccf1df_6.0.19041.1110_none_60b5254171f9507e\COMCTL32.dll
0x00007ff8ca3e0000 - 0x00007ff8ca3ea000 	C:\Windows\SYSTEM32\VERSION.dll
0x00007ff8db9e0000 - 0x00007ff8dba10000 	C:\Windows\System32\IMM32.DLL
0x00007ff8d4710000 - 0x00007ff8d471c000 	E:\Java Practice for Job\Java19\bin\vcruntime140_1.dll
0x00007ff89c810000 - 0x00007ff89c89e000 	E:\Java Practice for Job\Java19\bin\msvcp140.dll
0x00007ff881100000 - 0x00007ff881dc0000 	E:\Java Practice for Job\Java19\bin\server\jvm.dll
0x00007ff8d39f0000 - 0x00007ff8d39f9000 	C:\Windows\SYSTEM32\WSOCK32.dll
0x00007ff8dadb0000 - 0x00007ff8dae1b000 	C:\Windows\System32\WS2_32.dll
0x00007ff8c8430000 - 0x00007ff8c8457000 	C:\Windows\SYSTEM32\WINMM.dll
0x00007ff8d6e00000 - 0x00007ff8d6e12000 	C:\Windows\SYSTEM32\kernel.appcore.dll
0x00007ff8d3970000 - 0x00007ff8d397a000 	E:\Java Practice for Job\Java19\bin\jimage.dll
0x00007ff8d3260000 - 0x00007ff8d3444000 	C:\Windows\SYSTEM32\DBGHELP.DLL
0x00007ff8d3230000 - 0x00007ff8d325c000 	C:\Windows\SYSTEM32\dbgcore.DLL
0x00007ff8d9cc0000 - 0x00007ff8d9d43000 	C:\Windows\System32\bcryptPrimitives.dll
0x00007ff8c3540000 - 0x00007ff8c3566000 	E:\Java Practice for Job\Java19\bin\java.dll

dbghelp: loaded successfully - version: 4.0.5 - missing functions: none
symbol engine: initialized successfully - sym options: 0x614 - pdb path: .;E:\Java Practice for Job\Java19\bin;C:\Windows\SYSTEM32;C:\Windows\WinSxS\amd64_microsoft.windows.common-controls_6595b64144ccf1df_6.0.19041.1110_none_60b5254171f9507e;E:\Java Practice for Job\Java19\bin\server

VM Arguments:
java_command: com.mycompany.mycontactlistapp.MyContactListApp
java_class_path (initial): E:\SQA Pracrtice\java practice\MyContactListApp\target\classes
Launcher Type: SUN_STANDARD

[Global flags]
     intx CICompilerCount                          = 2                                         {product} {ergonomic}
     uint ConcGCThreads                            = 1                                         {product} {ergonomic}
     uint G1ConcRefinementThreads                  = 2                                         {product} {ergonomic}
   size_t G1HeapRegionSize                         = 1048576                                   {product} {ergonomic}
    uintx GCDrainStackTargetSize                   = 64                                        {product} {ergonomic}
   size_t InitialHeapSize                          = 62914560                                  {product} {ergonomic}
   size_t MarkStackSize                            = 4194304                                   {product} {ergonomic}
   size_t MaxHeapSize                              = 977272832                                 {product} {ergonomic}
   size_t MinHeapDeltaBytes                        = 1048576                                   {product} {ergonomic}
   size_t MinHeapSize                              = 8388608                                   {product} {ergonomic}
    uintx NonNMethodCodeHeapSize                   = 5826188                                {pd product} {ergonomic}
    uintx NonProfiledCodeHeapSize                  = 122916026                              {pd product} {ergonomic}
    uintx ProfiledCodeHeapSize                     = 122916026                              {pd product} {ergonomic}
    uintx ReservedCodeCacheSize                    = 251658240                              {pd product} {ergonomic}
     bool SegmentedCodeCache                       = true                                      {product} {ergonomic}
   size_t SoftMaxHeapSize                          = 977272832                              {manageable} {ergonomic}
     bool UseCompressedClassPointers               = true                           {product lp64_product} {ergonomic}
     bool UseCompressedOops                        = true                           {product lp64_product} {ergonomic}
     bool UseG1GC                                  = true                                      {product} {ergonomic}
     bool UseLargePagesIndividualAllocation        = false                                  {pd product} {ergonomic}

Logging:
Log output configuration:
 #0: stdout all=warning uptime,level,tags foldmultilines=false
 #1: stderr all=off uptime,level,tags foldmultilines=false

Environment Variables:
JAVA_HOME=E:\Java Practice for Job\Java19
PATH=C:\Program Files\Common Files\Oracle\Java\javapath;C:\Windows\system32;C:\Windows;C:\Windows\System32\Wbem;C:\Windows\System32\WindowsPowerShell\v1.0\;C:\Windows\System32\OpenSSH\;C:\Users\Mime\AppData\Local\Microsoft\WindowsApps;
USERNAME=Mime
OS=Windows_NT
PROCESSOR_IDENTIFIER=Intel64 Family 6 Model 92 Stepping 9, GenuineIntel
TMP=C:\Users\Mime\AppData\Local\Temp
TEMP=C:\Users\Mime\AppData\Local\Temp



---------------  S Y S T E M  ---------------

OS:
 Windows 10 , 64 bit Build 19041 (10.0.19041.1202)
OS uptime: 12 days 15:48 hours

CPU: total 2 (initial active 2) (2 cores per cpu, 1 threads per core) family 6 model 92 stepping 9 microcode 0x32, cx8, cmov, fxsr, mmx, 3dnowpref, sse, sse2, sse3, ssse3, sse4.1, sse4.2, popcnt, tsc, tscinvbit, aes, erms, clmul, sha, clflush, clflushopt, rdtscp

Memory: 4k page, system-wide physical 3726M (395M free)
TotalPageFile size 7383M (AvailPageFile size 36M)
current process WorkingSet (physical memory assigned to process): 10M, peak: 10M
current process commit charge ("private bytes"): 47M, peak: 107M

vm_info: Java HotSpot(TM) 64-Bit Server VM (19.0.1+10-21) for windows-amd64 JRE (19.0.1+10-21), built on 2022-09-14T12:45:06Z by "mach5one" with MS VC++ 17.1 (VS2022)

END.
